# JRE version: OpenJDK Runtime Environment (8.0_152-b01) (build 1.8.0_152-release-915-b01)
# Java VM: OpenJDK 64-Bit Server VM (25.152-b01 mixed mode windows-amd64 compressed oops)
Heap:
 PSYoungGen      total 386048K, used 278212K [0x00000000e0000000, 0x00000000fb700000, 0x0000000100000000)
  eden space 333824K, 80% used [0x00000000e0000000,0x00000000f0554650,0x00000000f4600000)
  from space 52224K, 20% used [0x00000000f8400000,0x00000000f8e5cc08,0x00000000fb700000)
  to   space 57856K, 0% used [0x00000000f4600000,0x00000000f4600000,0x00000000f7e80000)
 ParOldGen       total 275456K, used 110433K [0x00000000a0000000, 0x00000000b0d00000, 0x00000000e0000000)
  object space 275456K, 40% used [0x00000000a0000000,0x00000000a6bd84b0,0x00000000b0d00000)
 Metaspace       used 94501K, capacity 102063K, committed 102220K, reserved 1138688K
  class space    used 11997K, capacity 13672K, committed 13696K, reserved 1048576K
GC Heap History (10 events):
Event: 3963.781 GC heap before
{Heap before GC invocations=36 (full 4):
 PSYoungGen      total 348160K, used 294456K [0x00000000e0000000, 0x00000000fa280000, 0x0000000100000000)
  eden space 280576K, 100% used [0x00000000e0000000,0x00000000f1200000,0x00000000f1200000)
  from space 67584K, 20% used [0x00000000f1200000,0x00000000f1f8e0c0,0x00000000f5400000)
  to   space 65536K, 0% used [0x00000000f6280000,0x00000000f6280000,0x00000000fa280000)
 ParOldGen       total 275456K, used 110393K [0x00000000a0000000, 0x00000000b0d00000, 0x00000000e0000000)
  object space 275456K, 40% used [0x00000000a0000000,0x00000000a6bce4b0,0x00000000b0d00000)
 Metaspace       used 93493K, capacity 100155K, committed 100428K, reserved 1136640K
  class space    used 11862K, capacity 13390K, committed 13440K, reserved 1048576K
Event: 3963.794 GC heap after
Heap after GC invocations=36 (full 4):
 PSYoungGen      total 353792K, used 5564K [0x00000000e0000000, 0x00000000f9d00000, 0x0000000100000000)
  eden space 293888K, 0% used [0x00000000e0000000,0x00000000e0000000,0x00000000f1f00000)
  from space 59904K, 9% used [0x00000000f6280000,0x00000000f67ef3b0,0x00000000f9d00000)
  to   space 64512K, 0% used [0x00000000f1f00000,0x00000000f1f00000,0x00000000f5e00000)
 ParOldGen       total 275456K, used 110401K [0x00000000a0000000, 0x00000000b0d00000, 0x00000000e0000000)
  object space 275456K, 40% used [0x00000000a0000000,0x00000000a6bd04b0,0x00000000b0d00000)
 Metaspace       used 93493K, capacity 100155K, committed 100428K, reserved 1136640K
  class space    used 11862K, capacity 13390K, committed 13440K, reserved 1048576K
}
Event: 3971.522 GC heap before
{Heap before GC invocations=37 (full 4):
 PSYoungGen      total 353792K, used 299452K [0x00000000e0000000, 0x00000000f9d00000, 0x0000000100000000)
  eden space 293888K, 100% used [0x00000000e0000000,0x00000000f1f00000,0x00000000f1f00000)
  from space 59904K, 9% used [0x00000000f6280000,0x00000000f67ef3b0,0x00000000f9d00000)
  to   space 64512K, 0% used [0x00000000f1f00000,0x00000000f1f00000,0x00000000f5e00000)
 ParOldGen       total 275456K, used 110401K [0x00000000a0000000, 0x00000000b0d00000, 0x00000000e0000000)
  object space 275456K, 40% used [0x00000000a0000000,0x00000000a6bd04b0,0x00000000b0d00000)
 Metaspace       used 93620K, capacity 100349K, committed 100428K, reserved 1136640K
  class space    used 11869K, capacity 13401K, committed 13440K, reserved 1048576K
Event: 3971.616 GC heap after
Heap after GC invocations=37 (full 4):
 PSYoungGen      total 358400K, used 36610K [0x00000000e0000000, 0x00000000fb300000, 0x0000000100000000)
  eden space 293888K, 0% used [0x00000000e0000000,0x00000000e0000000,0x00000000f1f00000)
  from space 64512K, 56% used [0x00000000f1f00000,0x00000000f42c08b0,0x00000000f5e00000)
  to   space 65536K, 0% used [0x00000000f7300000,0x00000000f7300000,0x00000000fb300000)
 ParOldGen       total 275456K, used 110409K [0x00000000a0000000, 0x00000000b0d00000, 0x00000000e0000000)
  object space 275456K, 40% used [0x00000000a0000000,0x00000000a6bd24b0,0x00000000b0d00000)
 Metaspace       used 93620K, capacity 100349K, committed 100428K, reserved 1136640K
  class space    used 11869K, capacity 13401K, committed 13440K, reserved 1048576K
}
Event: 3976.022 GC heap before
{Heap before GC invocations=38 (full 4):
 PSYoungGen      total 358400K, used 330498K [0x00000000e0000000, 0x00000000fb300000, 0x0000000100000000)
  eden space 293888K, 100% used [0x00000000e0000000,0x00000000f1f00000,0x00000000f1f00000)
  from space 64512K, 56% used [0x00000000f1f00000,0x00000000f42c08b0,0x00000000f5e00000)
  to   space 65536K, 0% used [0x00000000f7300000,0x00000000f7300000,0x00000000fb300000)
 ParOldGen       total 275456K, used 110409K [0x00000000a0000000, 0x00000000b0d00000, 0x00000000e0000000)
  object space 275456K, 40% used [0x00000000a0000000,0x00000000a6bd24b0,0x00000000b0d00000)
 Metaspace       used 93684K, capacity 100355K, committed 100428K, reserved 1136640K
  class space    used 11871K, capacity 13402K, committed 13440K, reserved 1048576K
Event: 3976.065 GC heap after
Heap after GC invocations=38 (full 4):
 PSYoungGen      total 381440K, used 13325K [0x00000000e0000000, 0x00000000fb280000, 0x0000000100000000)
  eden space 316416K, 0% used [0x00000000e0000000,0x00000000e0000000,0x00000000f3500000)
  from space 65024K, 20% used [0x00000000f7300000,0x00000000f8003418,0x00000000fb280000)
  to   space 63488K, 0% used [0x00000000f3500000,0x00000000f3500000,0x00000000f7300000)
 ParOldGen       total 275456K, used 110417K [0x00000000a0000000, 0x00000000b0d00000, 0x00000000e0000000)
  object space 275456K, 40% used [0x00000000a0000000,0x00000000a6bd44b0,0x00000000b0d00000)
 Metaspace       used 93684K, capacity 100355K, committed 100428K, reserved 1136640K
  class space    used 11871K, capacity 13402K, committed 13440K, reserved 1048576K
}
Event: 5009.149 GC heap before
{Heap before GC invocations=39 (full 4):
 PSYoungGen      total 381440K, used 329741K [0x00000000e0000000, 0x00000000fb280000, 0x0000000100000000)
  eden space 316416K, 100% used [0x00000000e0000000,0x00000000f3500000,0x00000000f3500000)
  from space 65024K, 20% used [0x00000000f7300000,0x00000000f8003418,0x00000000fb280000)
  to   space 63488K, 0% used [0x00000000f3500000,0x00000000f3500000,0x00000000f7300000)
 ParOldGen       total 275456K, used 110417K [0x00000000a0000000, 0x00000000b0d00000, 0x00000000e0000000)
  object space 275456K, 40% used [0x00000000a0000000,0x00000000a6bd44b0,0x00000000b0d00000)
 Metaspace       used 94147K, capacity 101251K, committed 101324K, reserved 1136640K
  class space    used 11941K, capacity 13550K, committed 13568K, reserved 1048576K
Event: 5009.195 GC heap after
Heap after GC invocations=39 (full 4):
 PSYoungGen      total 379904K, used 23746K [0x00000000e0000000, 0x00000000fbe00000, 0x0000000100000000)
  eden space 316416K, 0% used [0x00000000e0000000,0x00000000e0000000,0x00000000f3500000)
  from space 63488K, 37% used [0x00000000f3500000,0x00000000f4c30a48,0x00000000f7300000)
  to   space 59392K, 0% used [0x00000000f8400000,0x00000000f8400000,0x00000000fbe00000)
 ParOldGen       total 275456K, used 110425K [0x00000000a0000000, 0x00000000b0d00000, 0x00000000e0000000)
  object space 275456K, 40% used [0x00000000a0000000,0x00000000a6bd64b0,0x00000000b0d00000)
 Metaspace       used 94147K, capacity 101251K, committed 101324K, reserved 1136640K
  class space    used 11941K, capacity 13550K, committed 13568K, reserved 1048576K
}
Event: 5299.011 GC heap before
{Heap before GC invocations=40 (full 4):
 PSYoungGen      total 379904K, used 340162K [0x00000000e0000000, 0x00000000fbe00000, 0x0000000100000000)
  eden space 316416K, 100% used [0x00000000e0000000,0x00000000f3500000,0x00000000f3500000)
  from space 63488K, 37% used [0x00000000f3500000,0x00000000f4c30a48,0x00000000f7300000)
  to   space 59392K, 0% used [0x00000000f8400000,0x00000000f8400000,0x00000000fbe00000)
 ParOldGen       total 275456K, used 110425K [0x00000000a0000000, 0x00000000b0d00000, 0x00000000e0000000)
  object space 275456K, 40% used [0x00000000a0000000,0x00000000a6bd64b0,0x00000000b0d00000)
 Metaspace       used 94456K, capacity 101999K, committed 102220K, reserved 1138688K
  class space    used 11997K, capacity 13672K, committed 13696K, reserved 1048576K
Event: 5299.032 GC heap after
Heap after GC invocations=40 (full 4):
 PSYoungGen      total 386048K, used 10611K [0x00000000e0000000, 0x00000000fb700000, 0x0000000100000000)
  eden space 333824K, 0% used [0x00000000e0000000,0x00000000e0000000,0x00000000f4600000)
  from space 52224K, 20% used [0x00000000f8400000,0x00000000f8e5cc08,0x00000000fb700000)
  to   space 57856K, 0% used [0x00000000f4600000,0x00000000f4600000,0x00000000f7e80000)
 ParOldGen       total 275456K, used 110433K [0x00000000a0000000, 0x00000000b0d00000, 0x00000000e0000000)
  object space 275456K, 40% used [0x00000000a0000000,0x00000000a6bd84b0,0x00000000b0d00000)
 Metaspace       used 94456K, capacity 101999K, committed 102220K, reserved 1138688K
  class space    used 11997K, capacity 13672K, committed 13696K, reserved 1048576K
}

